[0m17:09:30.652600 [debug] [MainThread]: Sending event: {'category': 'dbt', 'action': 'invocation', 'label': 'start', 'context': [<snowplow_tracker.self_describing_json.SelfDescribingJson object at 0x0000028A527184D0>, <snowplow_tracker.self_describing_json.SelfDescribingJson object at 0x0000028A5271A450>, <snowplow_tracker.self_describing_json.SelfDescribingJson object at 0x0000028A5271A810>]}


============================== 17:09:30.660213 | 7580d7a1-194a-4829-bcc3-b0a13a30a4e6 ==============================
[0m17:09:30.660213 [info ] [MainThread]: Running with dbt=1.9.0
[0m17:09:30.661530 [debug] [MainThread]: running dbt with arguments {'printer_width': '80', 'indirect_selection': 'eager', 'log_cache_events': 'False', 'write_json': 'True', 'partial_parse': 'True', 'cache_selected_only': 'False', 'profiles_dir': 'C:\\Users\\abdulrub\\.dbt', 'version_check': 'True', 'fail_fast': 'False', 'log_path': 'logs', 'debug': 'False', 'warn_error': 'None', 'use_colors': 'True', 'use_experimental_parser': 'False', 'empty': 'None', 'quiet': 'False', 'no_print': 'None', 'log_format': 'default', 'invocation_command': 'dbt init', 'introspect': 'True', 'warn_error_options': 'WarnErrorOptions(include=[], exclude=[])', 'target_path': 'None', 'static_parser': 'True', 'send_anonymous_usage_stats': 'True'}
[0m17:09:46.377094 [debug] [MainThread]: Starter project path: C:\Users\abdulrub\Desktop\ROOT\pyspark\venv\Lib\site-packages\dbt\include\starter_project
[0m17:09:46.499821 [info ] [MainThread]: 
Your new dbt project "myfirstproject" was created!

For more information on how to configure the profiles.yml file,
please consult the dbt documentation here:

  https://docs.getdbt.com/docs/configure-your-profile

One more thing:

Need help? Don't hesitate to reach out to us via GitHub issues or on Slack:

  https://community.getdbt.com/

Happy modeling!

[0m17:09:46.501824 [info ] [MainThread]: Setting up your profile.
[0m17:13:17.072182 [info ] [MainThread]: Profile myfirstproject written to C:\Users\abdulrub\.dbt\profiles.yml using target's profile_template.yml and your supplied values. Run 'dbt debug' to validate the connection.
[0m17:13:17.079396 [debug] [MainThread]: Command `dbt init` succeeded at 17:13:17.079396 after 226.53 seconds
[0m17:13:17.081438 [debug] [MainThread]: Sending event: {'category': 'dbt', 'action': 'invocation', 'label': 'end', 'context': [<snowplow_tracker.self_describing_json.SelfDescribingJson object at 0x0000028A53761D50>, <snowplow_tracker.self_describing_json.SelfDescribingJson object at 0x0000028A53762410>, <snowplow_tracker.self_describing_json.SelfDescribingJson object at 0x0000028A628347D0>]}
[0m17:13:17.083961 [debug] [MainThread]: Flushing usage events
[0m17:13:17.644381 [debug] [MainThread]: An error was encountered while trying to flush usage events
